  1.1.6.cpp
  1.1.cpp
  1.10.cpp
  1.11.cpp
  1.12.cpp
  1.13;.cpp
  1.17.cpp
  1.19.cpp
  1.2.cpp
  1.20.cpp
  1.21.cpp
  1.22.cpp
  1.23.cpp
  1.25.cpp
  1.4.1.cpp
  10.01_02.cpp
  10.11.cpp
  10.12.cpp
  10.13.cpp
  10.16.cpp
  正在生成代码...
  正在编译...
  10.17.cpp
  10.18_19.cpp
  10.20_21.cpp
  10.22.cpp
  10.24.cpp
  10.25.cpp
  10.27.cpp
  10.28.cpp
  10.29.cpp
  10.30.cpp
  10.31.cpp
  10.32.cpp
  10.33.cpp
  10.34_35_36_37.cpp
  10.3_4.cpp
  10.42.cpp
  10.6.cpp
  10.7.cpp
  10.9.cpp
  11.11.cpp
  正在生成代码...
  正在编译...
  11.12_13.cpp
  11.14.cpp
  11.20.cpp
  11.23.cpp
  11.24_25_26.cpp
  11.27_28_29_30.cpp
  11.31.cpp
  11.32.cpp
  11.33.cpp
  11.38.cpp
  11.3_4.cpp
  11.7.cpp
  11.8.cpp
  11.9_10.cpp
  12.10.cpp
  12.11.cpp
  12.12.cpp
  12.13.cpp
  12.14.cpp
  12.15.cpp
  正在生成代码...
  正在编译...
  12.16.cpp
  12.17_18.cpp
  12.19.cpp
  12.2.h
  12.20.cpp
  12.22.cpp
  12.23.cpp
  12.24.cpp
  12.26.cpp
  12.27_30.cpp
  12.27_30_Test.cpp
  12.28.cpp
  12.2_test.cpp
  12.32.cpp
  12.32_test.cpp
  12.33.cpp
  12.33_Test.cpp
  12.6.cpp
  12.7.cpp
  13.13.cpp
  正在生成代码...
  正在编译...
  13.17_1.cpp
  13.17_2.cpp
  13.17_3.cpp
  13.18.cpp
  13.26.cpp
  13.28.cpp
  13.34_36_37.cpp
  13.39.cpp
  13.42.cpp
  13.42_StrVec.cpp
  13.42_TextQuery.cpp
  13.44_47.cpp
  13.48.cpp
  2.18.cpp
  2.3.cpp
  2.34.cpp
  2.35.cpp
  2.40.cpp
  2.41-1.6.cpp
  2.8.cpp
  正在生成代码...
  正在编译...
  3.1-2.cpp
  3.1.cpp
  3.10.cpp
  3.14.cpp
  3.15.cpp
  3.16.cpp
  3.17.cpp
  3.18.cpp
  3.19.cpp
  3.2-2.cpp
  3.2.cpp
  3.20.cpp
  3.21.cpp
  3.22.cpp
  3.23.cpp
  3.24.cpp
  3.25.cpp
  3.31.cpp
  3.32.cpp
  3.35.cpp
  正在生成代码...
  正在编译...
  3.36.cpp
  3.39.cpp
  3.4-2.cpp
  3.4.cpp
  3.40.cpp
  3.41.cpp
  3.42.cpp
  3.43.cpp
  3.44.cpp
  3.45.cpp
  3.5-2.cpp
  3.5.cpp
  3.6.cpp
  3.8.cpp
  4.21.cpp
  4.22.cpp
  4.28.cpp
  5.10.cpp
  5.11.cpp
  5.12.cpp
  正在生成代码...
  正在编译...
  5.14.cpp
  5.17.cpp
  5.19.cpp
  5.20.cpp
  5.21.cpp
  5.23.cpp
  5.24.cpp
  5.25.cpp
  5.3.cpp
  5.5.cpp
  5.6.cpp
  5.9.cpp
  6.10.cpp
  6.11.cpp
  6.12.cpp
  6.17.cpp
  6.21.cpp
  6.22.cpp
  6.23.cpp
  6.25&&6.26.cpp
  正在生成代码...
  正在编译...
  6.27.cpp
  6.3.cpp
  6.33.cpp
  6.4.cpp
  6.42.cpp
  6.44.cpp
  6.47.cpp
  6.5.cpp
  6.51.cpp
  6.54_55_56.cpp
  6.6.cpp
  6.7.cpp
  6.9-fact.cpp
  6.9-factMain.cpp
  7.1.cpp
  7.11.cpp
  7.13.cpp
  7.26.cpp
  7.27.cpp
  7.3.cpp
  正在生成代码...
  正在编译...
  7.41.cpp
  7.43.cpp
  7.7.cpp
  8.10.cpp
  8.11.cpp
  8.13.cpp
  8.2.cpp
  8.4.cpp
  8.5.cpp
  8.6.cpp
  8.7.cpp
  8.8.cpp
  8.9.cpp
  9.13.cpp
  9.14.cpp
  9.15.cpp
  9.16.cpp
  9.18.cpp
  9.19.cpp
  9.20.cpp
  正在生成代码...
  正在编译...
  9.22.cpp
  9.24.cpp
  9.26.cpp
  9.27.cpp
  9.31_1.cpp
  9.31_2.cpp
  9.33.cpp
  9.34.cpp
  9.38.cpp
  9.41.cpp
  9.43.cpp
  9.44.cpp
  9.45.cpp
  9.46.cpp
  9.47_1.cpp
  9.47_2.cpp
  9.49.cpp
  9.50.cpp
  9.51.cpp
  9.52.cpp
  正在生成代码...
  正在编译...
  Chapter6.h
  CP5_ex7_04_h.cpp
  正在生成代码...
13.48.obj : error LNK2019: 无法解析的外部符号 "public: __cdecl String::String(char const *)" (??0String@@QEAA@PEBD@Z)，函数 "public: __cdecl String::String(void)" (??0String@@QEAA@XZ) 中引用了该符号
13.48.obj : error LNK2019: 无法解析的外部符号 "public: __cdecl String::String(class String const &)" (??0String@@QEAA@AEBV0@@Z)，函数 "public: static void __cdecl std::_Default_allocator_traits<class std::allocator<class String> >::construct<class String,class String &>(class std::allocator<class String> &,class String * const,class String &)" (??$construct@VString@@AEAV1@@?$_Default_allocator_traits@V?$allocator@VString@@@std@@@std@@SAXAEAV?$allocator@VString@@@1@QEAVString@@AEAV3@@Z) 中引用了该符号
13.48.obj : error LNK2019: 无法解析的外部符号 "public: class String & __cdecl String::operator=(class String const &)" (??4String@@QEAAAEAV0@AEBV0@@Z)，函数 main 中引用了该符号
13.48.obj : error LNK2019: 无法解析的外部符号 "public: __cdecl String::~String(void)" (??1String@@QEAA@XZ)，函数 "public: void * __cdecl String::`scalar deleting destructor'(unsigned int)" (??_GString@@QEAAPEAXI@Z) 中引用了该符号
C:\Users\X\source\repos\C++ primer\x64\Debug\C++ primer.exe : fatal error LNK1120: 4 个无法解析的外部命令
