c:\users\x\source\repos\c++ primer\c++ primer\x64\debug\vc143.pdb
c:\users\x\source\repos\c++ primer\c++ primer\x64\debug\vc143.idb
c:\users\x\source\repos\c++ primer\c++ primer\x64\debug\1.4.1.obj
c:\users\x\source\repos\c++ primer\c++ primer\x64\debug\1.20.obj
c:\users\x\source\repos\c++ primer\c++ primer\x64\debug\1.2.obj
c:\users\x\source\repos\c++ primer\c++ primer\x64\debug\1.19.obj
c:\users\x\source\repos\c++ primer\c++ primer\x64\debug\1.17.obj
c:\users\x\source\repos\c++ primer\c++ primer\x64\debug\1.13;.obj
c:\users\x\source\repos\c++ primer\c++ primer\x64\debug\1.12.obj
c:\users\x\source\repos\c++ primer\c++ primer\x64\debug\1.11.obj
c:\users\x\source\repos\c++ primer\c++ primer\x64\debug\1.10.obj
c:\users\x\source\repos\c++ primer\c++ primer\x64\debug\1.1.obj
c:\users\x\source\repos\c++ primer\c++ primer\x64\debug\1.1.6.obj
c:\users\x\source\repos\c++ primer\c++ primer\x64\debug\1.21.obj
c:\users\x\source\repos\c++ primer\x64\debug\c++ primer.exe
c:\users\x\source\repos\c++ primer\x64\debug\c++ primer.pdb
c:\users\x\source\repos\c++ primer\c++ primer\x64\debug\c++ primer.ilk
c:\users\x\source\repos\c++ primer\c++ primer\x64\debug\c++ primer.tlog\cl.command.1.tlog
c:\users\x\source\repos\c++ primer\c++ primer\x64\debug\c++ primer.tlog\cl.items.tlog
c:\users\x\source\repos\c++ primer\c++ primer\x64\debug\c++ primer.tlog\cl.read.1.tlog
c:\users\x\source\repos\c++ primer\c++ primer\x64\debug\c++ primer.tlog\cl.write.1.tlog
c:\users\x\source\repos\c++ primer\c++ primer\x64\debug\c++ primer.tlog\link.command.1.tlog
c:\users\x\source\repos\c++ primer\c++ primer\x64\debug\c++ primer.tlog\link.read.1.tlog
c:\users\x\source\repos\c++ primer\c++ primer\x64\debug\c++ primer.tlog\link.secondary.1.tlog
c:\users\x\source\repos\c++ primer\c++ primer\x64\debug\c++ primer.tlog\link.write.1.tlog
